<?xml version="1.0" encoding="UTF-8"?>
<testsuite xmlns:xsi="http://www.w3.org/2001/XMLSchema-instance" xsi:noNamespaceSchemaLocation="https://maven.apache.org/surefire/maven-surefire-plugin/xsd/surefire-test-report-3.0.xsd" version="3.0" name="TestSuite" time="15.045" tests="1" errors="0" skipped="0" failures="0">
  <properties>
[...]
</properties>
  <testcase name="Login[mngr469005, abudaqE](1)" classname="com.ProjectBanking.testcases.TC1_LoginTest" time="8.199">
    <system-out><![CDATA[[TestNGContentHandler] [WARN] It is strongly recommended to add "<!DOCTYPE suite SYSTEM "http://testng.org/testng-1.0.dtd" >" at the top of your file, otherwise TestNG may fail or not work as expected.
C:\Users\vishalku\eclipse-workspace\ProjectBanking\ExtentReport\myreport.html
2023-01-19 16:38:40 INFO  ProjectBanking:26 - URL is opened
  2023-01-19 16:38:41 INFO  ProjectBanking:28 - Window is maximized
  2023-01-19 16:38:41 INFO  ProjectBanking:31 - Entered Username
  2023-01-19 16:38:41 INFO  ProjectBanking:33 - Entered Password
  2023-01-19 16:38:42 INFO  ProjectBanking:35 - Clicked on Login button
  2023-01-19 16:38:42 INFO  ProjectBanking:38 - Test is Passed
  ]]></system-out>
    <system-err><![CDATA[Starting ChromeDriver 108.0.5359.71 (1e0e3868ee06e91ad636a874420e3ca3ae3756ac-refs/branch-heads/5359@{#1016}) on port 13186
Only local connections are allowed.
Please see https://chromedriver.chromium.org/security-considerations for suggestions on keeping ChromeDriver safe.
ChromeDriver was started successfully.
[1674126513.122][WARNING]: This version of ChromeDriver has not been tested with Chrome version 109.
Jan 19, 2023 4:38:33 PM org.openqa.selenium.remote.ProtocolHandshake createSession
INFO: Detected dialect: W3C
ERROR StatusLogger Log4j2 could not find a logging implementation. Please add log4j-core to the classpath. Using SimpleLogger to log to the console...
]]></system-err>
  </testcase>
</testsuite>