<?xml version="1.0" encoding="UTF-8"?>
<testng-results skipped="0" failed="0" ignored="0" total="1" passed="1">
  <reporter-output>
  </reporter-output>
  <suite name="Suite" duration-ms="12728" started-at="2023-01-19T11:08:31Z" finished-at="2023-01-19T11:08:43Z">
    <groups>
    </groups>
    <test name="Test" duration-ms="12728" started-at="2023-01-19T11:08:31Z" finished-at="2023-01-19T11:08:43Z">
      <class name="com.ProjectBanking.testcases.TC1_LoginTest">
        <test-method status="PASS" signature="setUp(java.lang.String)[pri:0, instance:com.ProjectBanking.testcases.TC1_LoginTest@64c87930]" name="setUp" is-config="true" duration-ms="2566" started-at="2023-01-19T11:08:31Z" finished-at="2023-01-19T11:08:33Z">
          <params>
            <param index="0">
              <value>
                <![CDATA[chrome]]>
              </value>
            </param>
          </params>
          <reporter-output>
          </reporter-output>
        </test-method> <!-- setUp -->
        <test-method status="PASS" signature="Login(java.lang.String, java.lang.String)[pri:0, instance:com.ProjectBanking.testcases.TC1_LoginTest@64c87930]" name="Login" duration-ms="8196" started-at="2023-01-19T11:08:34Z" data-provider="loginData" finished-at="2023-01-19T11:08:42Z">
          <params>
            <param index="0">
              <value>
                <![CDATA[mngr469005]]>
              </value>
            </param>
            <param index="1">
              <value>
                <![CDATA[abudaqE]]>
              </value>
            </param>
          </params>
          <reporter-output>
          </reporter-output>
        </test-method> <!-- Login -->
        <test-method status="PASS" signature="tearDown()[pri:0, instance:com.ProjectBanking.testcases.TC1_LoginTest@64c87930]" name="tearDown" is-config="true" duration-ms="1030" started-at="2023-01-19T11:08:42Z" finished-at="2023-01-19T11:08:43Z">
          <reporter-output>
          </reporter-output>
        </test-method> <!-- tearDown -->
      </class> <!-- com.ProjectBanking.testcases.TC1_LoginTest -->
    </test> <!-- Test -->
  </suite> <!-- Suite -->
</testng-results>
