<?xml version="1.0" encoding="UTF-8"?>
<testng-results skipped="0" failed="0" ignored="0" total="1" passed="1">
  <reporter-output>
  </reporter-output>
  <suite name="Suite" duration-ms="11352" started-at="2023-01-19T11:04:09Z" finished-at="2023-01-19T11:04:20Z">
    <groups>
    </groups>
    <test name="Test" duration-ms="11352" started-at="2023-01-19T11:04:09Z" finished-at="2023-01-19T11:04:20Z">
      <class name="com.ProjectBanking.testcases.TC1_LoginTest">
        <test-method status="PASS" signature="setUp(java.lang.String)[pri:0, instance:com.ProjectBanking.testcases.TC1_LoginTest@78b1cc93]" name="setUp" is-config="true" duration-ms="2483" started-at="2023-01-19T11:04:09Z" finished-at="2023-01-19T11:04:11Z">
          <params>
            <param index="0">
              <value>
                <![CDATA[chrome]]>
              </value>
            </param>
          </params>
          <reporter-output>
          </reporter-output>
        </test-method> <!-- setUp -->
        <test-method status="PASS" signature="Login(java.lang.String, java.lang.String)[pri:0, instance:com.ProjectBanking.testcases.TC1_LoginTest@78b1cc93]" name="Login" duration-ms="7128" started-at="2023-01-19T11:04:12Z" data-provider="loginData" finished-at="2023-01-19T11:04:19Z">
          <params>
            <param index="0">
              <value>
                <![CDATA[mngr469005]]>
              </value>
            </param>
            <param index="1">
              <value>
                <![CDATA[abudaqE]]>
              </value>
            </param>
          </params>
          <reporter-output>
          </reporter-output>
        </test-method> <!-- Login -->
        <test-method status="PASS" signature="tearDown()[pri:0, instance:com.ProjectBanking.testcases.TC1_LoginTest@78b1cc93]" name="tearDown" is-config="true" duration-ms="970" started-at="2023-01-19T11:04:19Z" finished-at="2023-01-19T11:04:20Z">
          <reporter-output>
          </reporter-output>
        </test-method> <!-- tearDown -->
      </class> <!-- com.ProjectBanking.testcases.TC1_LoginTest -->
    </test> <!-- Test -->
  </suite> <!-- Suite -->
</testng-results>
